\o Program:		@(#)$CDS: libManager version 6.1.7 - CAT35 07/19/2018 21:10 (sjfnl053) $
\o Sub version:		sub-version  s221 
\o Arguments:		-mpssession virtuoso23313 -mpshost tiuelabb4.ti.lab 
\o Working Directory:	tiuelabb4.ti.lab:/home/sweet12prof/Desktop/CAD/Cadence2
\o 64-bit offsets
\o Qt version: 		4.8.5
\o Log file is "/home/sweet12prof/Desktop/CAD/Cadence2/libManager.log".
\o Opening libManager window.
\o Loading customization file "./cdsLibMgr.il"
\o Loading NCSU Library Manager customizations...done.
\a nrSetCurrentWindow(cdsLibManager)
\a nrResizeWindow(cdsLibManager list(220 98 1440 752))
\o changeWorkingDir("/home/sweet12prof/Desktop/CAD/Cadence2") unnecessary.
\o ddSetForcedLib("") unnecessary.
\o MPS service: map window
\o Library Manager customization server connected.
\a cdsLibManager->libListBox->value = "NCSU_TechLib_ami06"
\a cdsLibManager->libLineEdit->value = "NCSU_TechLib_ami06"
\a cdsLibManager->libListBox->value = "NCSU_TechLib_tsmc02"
\a cdsLibManager->libLineEdit->value = "NCSU_TechLib_tsmc02"
\a cdsLibManager->libListBox->value = "cdsDefTechLib"
\a cdsLibManager->libLineEdit->value = "cdsDefTechLib"
\a cdsLibManager->libListBox->value = "NCSU_TechLib_tsmc03"
\a cdsLibManager->libLineEdit->value = "NCSU_TechLib_tsmc03"
\a cdsLibManager->libListBox->value = "NCSU_TechLib_tsmc02"
\a cdsLibManager->libLineEdit->value = "NCSU_TechLib_tsmc02"
\a cdsLibManager->libListBox->value = "basic"
\a cdsLibManager->libLineEdit->value = "basic"
\a cdsLibManager->libListBox->value = "NCSU_Analog_Parts"
\a cdsLibManager->libLineEdit->value = "NCSU_Analog_Parts"
\a cdsLibManager->libListBox->value = "NCSU_Digital_Parts"
\a cdsLibManager->libLineEdit->value = "NCSU_Digital_Parts"
\a nrSetCurrentWindow(cdsLibManager)
\a cdsLibManager->libListBox->value = "NCSU_TechLib_tsmc03"
\a cdsLibManager->libLineEdit->value = "NCSU_TechLib_tsmc03"
\a cdsLibManager->libListBox->value = "basic"
\a cdsLibManager->libLineEdit->value = "basic"
\a cdsLibManager->libListBox->value = "NCSU_TechLib_hp06"
\a cdsLibManager->libLineEdit->value = "NCSU_TechLib_hp06"
\a cdsLibManager->libListBox->value = "NCSU_TechLib_ami06"
\a cdsLibManager->libLineEdit->value = "NCSU_TechLib_ami06"
\a cdsLibManager->libLineEdit->value = ""
\a cdsLibManager->libListBox->value = nil
\a cdsLibManager->libListBox->value = "NCSU_TechLib_ami06"
\a cdsLibManager->libLineEdit->value = "NCSU_TechLib_ami06"
\a cdsLibManager->libListBox->value = "NCSU_Digital_Parts"
\a cdsLibManager->libLineEdit->value = "NCSU_Digital_Parts"
\a cdsLibManager->libListBox->value = "NCSU_TechLib_ami06"
\a cdsLibManager->libLineEdit->value = "NCSU_TechLib_ami06"
\a cdsLibManager->libListBox->value = "NCSU_Digital_Parts"
\a cdsLibManager->libLineEdit->value = "NCSU_Digital_Parts"
\a cdsLibManager->libListBox->value = "NCSU_TechLib_ami06"
\a cdsLibManager->libLineEdit->value = "NCSU_TechLib_ami06"
\a nrSetCurrentWindow(cdsLibManager)
\a cdsLibManager->cellListBox->value = "elec"
\a cdsLibManager->cellLineEdit->value = "elec"
\a cdsLibManager->viewListBox->value = "symbolic"
\a cdsLibManager->viewLineEdit->value = "symbolic"
\a nrResizeWindow(cdsLibManager list(-10 19 1920 1016))
\o MPS service: map window
\a nrSetCurrentWindow(cdsLibManager)
\a cdsLibManager->cellListBox->value = "m3_m2"
\a cdsLibManager->cellLineEdit->value = "m3_m2"
\a cdsLibManager->viewLineEdit->value = ""
\a cdsLibManager->viewListBox->value = nil
\a cdsLibManager->viewListBox->value = "layout"
\a cdsLibManager->viewLineEdit->value = "layout"
\a nrSetCurrentWindow(cdsLibManager)
\a cdsLibManager->cellListBox->value = "M3_M2"
\a cdsLibManager->cellLineEdit->value = "M3_M2"
\a cdsLibManager->viewLineEdit->value = ""
\a cdsLibManager->viewListBox->value = nil
\a cdsLibManager->viewListBox->value = "symbolic"
\a cdsLibManager->viewLineEdit->value = "symbolic"
\a cdsLibManager->libListBox->value = "NCSU_TechLib_tsmc03d"
\a cdsLibManager->libLineEdit->value = "NCSU_TechLib_tsmc03d"
\a cdsLibManager->cellLineEdit->value = ""
\a cdsLibManager->cellListBox->value = nil
\a cdsLibManager->viewLineEdit->value = ""
\a cdsLibManager->viewListBox->value = nil
\a cdsLibManager->cellListBox->value = "M3_M2"
\a cdsLibManager->cellLineEdit->value = "M3_M2"
\a cdsLibManager->viewListBox->value = "symbolic"
\a cdsLibManager->viewLineEdit->value = "symbolic"
\a cdsLibManager->viewLineEdit->value = ""
\a cdsLibManager->viewListBox->value = nil
\a cdsLibManager->viewListBox->value = "symbolic"
\a cdsLibManager->viewLineEdit->value = "symbolic"
\a cdsLibManager->libListBox->value = "NCSU_Digital_Parts"
\a cdsLibManager->libLineEdit->value = "NCSU_Digital_Parts"
\a cdsLibManager->cellLineEdit->value = ""
\a cdsLibManager->cellListBox->value = nil
\a cdsLibManager->viewLineEdit->value = ""
\a cdsLibManager->viewListBox->value = nil
\a cdsLibManager->cellListBox->value = "DFF_Clr"
\a cdsLibManager->cellLineEdit->value = "DFF_Clr"
\a cdsLibManager->viewListBox->value = "physConfig"
\a cdsLibManager->viewLineEdit->value = "physConfig"
\o MPS request: edit design
\a nrListItemAction(cdsLibManager->gdmXTView 1 0)
\a cdsLibManager->libListBox->value = nil
\a cdsLibManager->libLineEdit->value = ""
\a cdsLibManager->cellListBox->value = nil
\a cdsLibManager->viewLineEdit->value = ""
\a cdsLibManager->viewListBox->value = nil
\a cdsLibManager->cellLineEdit->value = ""
\a cdsLibManager->libListBox->value = "NCSU_Digital_Parts"
\a cdsLibManager->libLineEdit->value = "NCSU_Digital_Parts"
\a cdsLibManager->cellListBox->value = "DFF_Clr"
\a cdsLibManager->cellLineEdit->value = "DFF_Clr"
\a cdsLibManager->viewListBox->value = "physConfig"
\a cdsLibManager->viewLineEdit->value = "physConfig"
\a cdsLibManager->viewLineEdit->value = ""
\a cdsLibManager->viewListBox->value = nil
\a cdsLibManager->viewListBox->value = "physConfig"
\a cdsLibManager->viewLineEdit->value = "physConfig"
\a nrSetCurrentWindow(cdsLibManager)
\a cdsLibManager->viewListBox->value = "schematic"
\a cdsLibManager->viewLineEdit->value = "schematic"
\a cdsLibManager->viewLineEdit->value = ""
\a cdsLibManager->viewListBox->value = nil
\a lmgrLogShowPopup("mainListPopup1" 32 22 2 "DFF_Clr")
\a cdsLibManager->editPropertiesButton->value = t
\o MPS request: edit property
\a nrSetCurrentWindow(cdsLibManager)
\a cdsLibManager->viewListBox->value = "physConfig"
\a cdsLibManager->viewLineEdit->value = "physConfig"
\o MPS request: edit design
\a nrListItemAction(cdsLibManager->gdmXTView 1 0)
\a nrSetCurrentWindow(cdsLibManager)
\a cdsLibManager->libListBox->value = "NCSU_TechLib_hp06"
\a cdsLibManager->libLineEdit->value = "NCSU_TechLib_hp06"
\a cdsLibManager->cellLineEdit->value = ""
\a cdsLibManager->cellListBox->value = nil
\a cdsLibManager->viewLineEdit->value = ""
\a cdsLibManager->viewListBox->value = nil
\a cdsLibManager->libListBox->value = "NCSU_TechLib_tsmc02d"
\a cdsLibManager->libLineEdit->value = "NCSU_TechLib_tsmc02d"
\a cdsLibManager->libListBox->value = "NCSU_TechLib_tsmc03"
\a cdsLibManager->libLineEdit->value = "NCSU_TechLib_tsmc03"
\a cdsLibManager->libListBox->value = "NCSU_TechLib_tsmc03d"
\a cdsLibManager->libLineEdit->value = "NCSU_TechLib_tsmc03d"
\a cdsLibManager->libListBox->value = "NCSU_TechLib_tsmc02"
\a cdsLibManager->libLineEdit->value = "NCSU_TechLib_tsmc02"
\a cdsLibManager->libListBox->value = "NCSU_TechLib_hp06"
\a cdsLibManager->libLineEdit->value = "NCSU_TechLib_hp06"
\a cdsLibManager->libListBox->value = "NCSU_TechLib_tsmc02"
\a cdsLibManager->libLineEdit->value = "NCSU_TechLib_tsmc02"
\a cdsLibManager->libListBox->value = "NCSU_TechLib_tsmc02d"
\a cdsLibManager->libLineEdit->value = "NCSU_TechLib_tsmc02d"
\a cdsLibManager->libListBox->value = "NCSU_TechLib_tsmc03d"
\a cdsLibManager->libLineEdit->value = "NCSU_TechLib_tsmc03d"
\a cdsLibManager->cellListBox->value = "m3_m2"
\a cdsLibManager->cellLineEdit->value = "m3_m2"
\a cdsLibManager->viewListBox->value = "layout"
\a cdsLibManager->viewLineEdit->value = "layout"
\a cdsLibManager->cellListBox->value = "metal4"
\a cdsLibManager->cellLineEdit->value = "metal4"
\a cdsLibManager->viewLineEdit->value = ""
\a cdsLibManager->viewListBox->value = nil
\a cdsLibManager->viewListBox->value = "symbolic"
\a cdsLibManager->viewLineEdit->value = "symbolic"
\a cdsLibManager->cellListBox->value = "nmos_hv"
\a cdsLibManager->cellLineEdit->value = "nmos_hv"
\a cdsLibManager->viewLineEdit->value = ""
\a cdsLibManager->viewListBox->value = nil
\a cdsLibManager->viewListBox->value = "layout"
\a cdsLibManager->viewLineEdit->value = "layout"
\a cdsLibManager->cellListBox->value = "tactive"
\a cdsLibManager->cellLineEdit->value = "tactive"
\a cdsLibManager->viewLineEdit->value = ""
\a cdsLibManager->viewListBox->value = nil
\a cdsLibManager->viewListBox->value = "symbolic"
\a cdsLibManager->viewLineEdit->value = "symbolic"
\a cdsLibManager->cellListBox->value = "pmos"
\a cdsLibManager->cellLineEdit->value = "pmos"
\a cdsLibManager->viewLineEdit->value = ""
\a cdsLibManager->viewListBox->value = nil
\a cdsLibManager->viewListBox->value = "layout"
\a cdsLibManager->viewLineEdit->value = "layout"
\a cdsLibManager->cellListBox->value = "nwell"
\a cdsLibManager->cellLineEdit->value = "nwell"
\a cdsLibManager->viewLineEdit->value = ""
\a cdsLibManager->viewListBox->value = nil
\a cdsLibManager->viewListBox->value = "symbolic"
\a cdsLibManager->viewLineEdit->value = "symbolic"
\a cdsLibManager->cellListBox->value = "ntap"
\a cdsLibManager->cellLineEdit->value = "ntap"
\a cdsLibManager->viewLineEdit->value = ""
\a cdsLibManager->viewListBox->value = nil
\a cdsLibManager->viewListBox->value = "layout"
\a cdsLibManager->viewLineEdit->value = "layout"
\a cdsLibManager->cellListBox->value = "nmos_hv"
\a cdsLibManager->cellLineEdit->value = "nmos_hv"
\a cdsLibManager->viewLineEdit->value = ""
\a cdsLibManager->viewListBox->value = nil
\a cdsLibManager->viewListBox->value = "layout"
\a cdsLibManager->viewLineEdit->value = "layout"
\a cdsLibManager->cellListBox->value = "nmos"
\a cdsLibManager->cellLineEdit->value = "nmos"
\a cdsLibManager->viewLineEdit->value = ""
\a cdsLibManager->viewListBox->value = nil
\a cdsLibManager->viewListBox->value = "layout"
\a cdsLibManager->viewLineEdit->value = "layout"
\a cdsLibManager->cellListBox->value = "nactive"
\a cdsLibManager->cellLineEdit->value = "nactive"
\a cdsLibManager->viewLineEdit->value = ""
\a cdsLibManager->viewListBox->value = nil
\a cdsLibManager->viewListBox->value = "symbolic"
\a cdsLibManager->viewLineEdit->value = "symbolic"
\a cdsLibManager->cellListBox->value = "metal4"
\a cdsLibManager->cellLineEdit->value = "metal4"
\a cdsLibManager->viewLineEdit->value = ""
\a cdsLibManager->viewListBox->value = nil
\a cdsLibManager->viewListBox->value = "symbolic"
\a cdsLibManager->viewLineEdit->value = "symbolic"
\a cdsLibManager->cellListBox->value = "metal1"
\a cdsLibManager->cellLineEdit->value = "metal1"
\a cdsLibManager->viewLineEdit->value = ""
\a cdsLibManager->viewListBox->value = nil
\a cdsLibManager->viewListBox->value = "symbolic"
\a cdsLibManager->viewLineEdit->value = "symbolic"
\a cdsLibManager->cellListBox->value = "m4_m3"
\a cdsLibManager->cellLineEdit->value = "m4_m3"
\a cdsLibManager->viewLineEdit->value = ""
\a cdsLibManager->viewListBox->value = nil
\a cdsLibManager->viewListBox->value = "layout"
\a cdsLibManager->viewLineEdit->value = "layout"
\a cdsLibManager->cellListBox->value = "m2_m1"
\a cdsLibManager->cellLineEdit->value = "m2_m1"
\a cdsLibManager->viewLineEdit->value = ""
\a cdsLibManager->viewListBox->value = nil
\a cdsLibManager->viewListBox->value = "layout"
\a cdsLibManager->viewLineEdit->value = "layout"
\a cdsLibManager->cellListBox->value = "m1_poly"
\a cdsLibManager->cellLineEdit->value = "m1_poly"
\a cdsLibManager->viewLineEdit->value = ""
\a cdsLibManager->viewListBox->value = nil
\a cdsLibManager->viewListBox->value = "layout"
\a cdsLibManager->viewLineEdit->value = "layout"
\a cdsLibManager->cellListBox->value = "m1_p"
\a cdsLibManager->cellLineEdit->value = "m1_p"
\a cdsLibManager->viewLineEdit->value = ""
\a cdsLibManager->viewListBox->value = nil
\a cdsLibManager->viewListBox->value = "layout"
\a cdsLibManager->viewLineEdit->value = "layout"
\a cdsLibManager->cellListBox->value = "active"
\a cdsLibManager->cellLineEdit->value = "active"
\a cdsLibManager->viewLineEdit->value = ""
\a cdsLibManager->viewListBox->value = nil
\a cdsLibManager->viewListBox->value = "symbolic"
\a cdsLibManager->viewLineEdit->value = "symbolic"
\a cdsLibManager->cellListBox->value = "M5_M4"
\a cdsLibManager->cellLineEdit->value = "M5_M4"
\a cdsLibManager->viewLineEdit->value = ""
\a cdsLibManager->viewListBox->value = nil
\a cdsLibManager->viewListBox->value = "symbolic"
\a cdsLibManager->viewLineEdit->value = "symbolic"
\a cdsLibManager->cellListBox->value = "M4_M3"
\a cdsLibManager->cellLineEdit->value = "M4_M3"
\a cdsLibManager->viewLineEdit->value = ""
\a cdsLibManager->viewListBox->value = nil
\a cdsLibManager->viewListBox->value = "symbolic"
\a cdsLibManager->viewLineEdit->value = "symbolic"
\a cdsLibManager->cellListBox->value = "M3_M2"
\a cdsLibManager->cellLineEdit->value = "M3_M2"
\a cdsLibManager->viewLineEdit->value = ""
\a cdsLibManager->viewListBox->value = nil
\a cdsLibManager->viewListBox->value = "symbolic"
\a cdsLibManager->viewLineEdit->value = "symbolic"
\a cdsLibManager->cellListBox->value = "M2_M1"
\a cdsLibManager->cellLineEdit->value = "M2_M1"
\a cdsLibManager->viewLineEdit->value = ""
\a cdsLibManager->viewListBox->value = nil
\a cdsLibManager->viewListBox->value = "symbolic"
\a cdsLibManager->viewLineEdit->value = "symbolic"
\a cdsLibManager->cellListBox->value = "M1_POLY"
\a cdsLibManager->cellLineEdit->value = "M1_POLY"
\a cdsLibManager->viewLineEdit->value = ""
\a cdsLibManager->viewListBox->value = nil
\a cdsLibManager->viewListBox->value = "symbolic"
\a cdsLibManager->viewLineEdit->value = "symbolic"
\a cdsLibManager->cellListBox->value = "M1_P"
\a cdsLibManager->cellLineEdit->value = "M1_P"
\a cdsLibManager->viewLineEdit->value = ""
\a cdsLibManager->viewListBox->value = nil
\a cdsLibManager->viewListBox->value = "symbolic"
\a cdsLibManager->viewLineEdit->value = "symbolic"
\a cdsLibManager->cellListBox->value = "M1_N"
\a cdsLibManager->cellLineEdit->value = "M1_N"
\a cdsLibManager->viewLineEdit->value = ""
\a cdsLibManager->viewListBox->value = nil
\a cdsLibManager->viewListBox->value = "symbolic"
\a cdsLibManager->viewLineEdit->value = "symbolic"
\a cdsLibManager->cellLineEdit->value = ""
\a cdsLibManager->cellListBox->value = nil
\a cdsLibManager->viewLineEdit->value = ""
\a cdsLibManager->viewListBox->value = nil
\a cdsLibManager->libLineEdit->value = ""
\a cdsLibManager->libListBox->value = nil
\a cdsLibManager->libListBox->value = "NCSU_TechLib_tsmc04_4M2P"
\a cdsLibManager->libLineEdit->value = "NCSU_TechLib_tsmc04_4M2P"
\a cdsLibManager->cellListBox->value = "M1_N"
\a cdsLibManager->cellLineEdit->value = "M1_N"
\a cdsLibManager->viewListBox->value = "symbolic"
\a cdsLibManager->viewLineEdit->value = "symbolic"
\a cdsLibManager->cellListBox->value = "M3_M2"
\a cdsLibManager->cellLineEdit->value = "M3_M2"
\a cdsLibManager->viewLineEdit->value = ""
\a cdsLibManager->viewListBox->value = nil
\a cdsLibManager->viewListBox->value = "symbolic"
\a cdsLibManager->viewLineEdit->value = "symbolic"
\a cdsLibManager->cellListBox->value = "m1_poly"
\a cdsLibManager->cellLineEdit->value = "m1_poly"
\a cdsLibManager->viewLineEdit->value = ""
\a cdsLibManager->viewListBox->value = nil
\a cdsLibManager->viewListBox->value = "layout"
\a cdsLibManager->viewLineEdit->value = "layout"
\a cdsLibManager->cellListBox->value = "m2_m1"
\a cdsLibManager->cellLineEdit->value = "m2_m1"
\a cdsLibManager->viewLineEdit->value = ""
\a cdsLibManager->viewListBox->value = nil
\a cdsLibManager->viewListBox->value = "layout"
\a cdsLibManager->viewLineEdit->value = "layout"
\a cdsLibManager->viewListBox->value = nil
\a cdsLibManager->viewLineEdit->value = ""
\a cdsLibManager->viewListBox->value = "layout"
\a cdsLibManager->viewLineEdit->value = "layout"
\o MPS request: edit design
\a nrListItemAction(cdsLibManager->gdmXTView 0 0)
\a nrSetCurrentWindow(cdsLibManager)
\a cdsLibManager->libListBox->value = nil
\a cdsLibManager->libLineEdit->value = ""
\a cdsLibManager->cellListBox->value = nil
\a cdsLibManager->viewLineEdit->value = ""
\a cdsLibManager->viewListBox->value = nil
\a cdsLibManager->cellLineEdit->value = ""
\a cdsLibManager->libListBox->value = "NCSU_TechLib_tsmc04_4M2P"
\a cdsLibManager->libLineEdit->value = "NCSU_TechLib_tsmc04_4M2P"
\a cdsLibManager->cellListBox->value = "m2_m1"
\a cdsLibManager->cellLineEdit->value = "m2_m1"
\a cdsLibManager->viewListBox->value = "layout"
\a cdsLibManager->viewLineEdit->value = "layout"
\a cdsLibManager->viewLineEdit->value = ""
\a cdsLibManager->viewListBox->value = nil
\a cdsLibManager->viewListBox->value = "layout"
\a cdsLibManager->viewLineEdit->value = "layout"
\a nrSetCurrentWindow(cdsLibManager)
\a cdsLibManager->libListBox->value = "avTech"
\a cdsLibManager->libLineEdit->value = "avTech"
\a cdsLibManager->cellLineEdit->value = ""
\a cdsLibManager->cellListBox->value = nil
\a cdsLibManager->viewLineEdit->value = ""
\a cdsLibManager->viewListBox->value = nil
\a cdsLibManager->cellListBox->value = "s"
\a cdsLibManager->cellLineEdit->value = "s"
\a cdsLibManager->libListBox->value = "basic"
\a cdsLibManager->libLineEdit->value = "basic"
\a cdsLibManager->cellLineEdit->value = ""
\a cdsLibManager->cellListBox->value = nil
\a _lmgrCloseIconify("cdsLibManager" 1)
\o MPS service: shutdown
\o libManager is exiting.
\a nrSetWindowVisibility(cdsLibManager "hide")
\a exit(0)
